<?xml version="1.0" encoding="UTF-8"?>
<!-- Generated by org.testng.reporters.JUnitXMLReporter -->
<testsuite hostname="dell-PC" name="Test1" tests="2" failures="0" timestamp="10 Feb 2020 12:28:28 GMT" time="0.313" errors="0">
  <testcase name="@BeforeMethod Test_VerifyOpenURL" time="0.0" classname="Com.crmVtigerApplication.Test.Login.Login_TestScript">
    <failure type="java.lang.IllegalStateException" message="The path to the driver executable must be set by the webdriver.gecko.driver system property; for more information, see https://github.com/mozilla/geckodriver. The latest version can be downloaded from https://github.com/mozilla/geckodriver/releases">
      <![CDATA[java.lang.IllegalStateException: The path to the driver executable must be set by the webdriver.gecko.driver system property; for more information, see https://github.com/mozilla/geckodriver. The latest version can be downloaded from https://github.com/mozilla/geckodriver/releases
	at com.google.common.base.Preconditions.checkState(Preconditions.java:847)
	at org.openqa.selenium.remote.service.DriverService.findExecutable(DriverService.java:134)
	at org.openqa.selenium.firefox.GeckoDriverService.access$100(GeckoDriverService.java:44)
	at org.openqa.selenium.firefox.GeckoDriverService$Builder.findDefaultExecutable(GeckoDriverService.java:167)
	at org.openqa.selenium.remote.service.DriverService$Builder.build(DriverService.java:355)
	at org.openqa.selenium.firefox.FirefoxDriver.toExecutor(FirefoxDriver.java:190)
	at org.openqa.selenium.firefox.FirefoxDriver.<init>(FirefoxDriver.java:147)
	at org.openqa.selenium.firefox.FirefoxDriver.<init>(FirefoxDriver.java:125)
	at Com.crmVtigerApplication.Generic.Util.LaunchBrowser(Util.java:26)
	at Com.crmVtigerApplication.Test.Login.Login_TestScript.Test_VerifyOpenURL(Login_TestScript.java:22)
... Removed 26 stack frames]]>
    </failure>
  </testcase> <!-- @BeforeMethod Test_VerifyOpenURL -->
  <testcase name="@AfterMethod Test_VerifyCloseURL" time="0.0" classname="Com.crmVtigerApplication.Test.Login.Login_TestScript">
    <skipped/>
  </testcase> <!-- @AfterMethod Test_VerifyCloseURL -->
  <testcase name="Verify_LoginTest" time="0.037" classname="Com.crmVtigerApplication.Test.Login.Login_TestScript">
    <skipped/>
  </testcase> <!-- Verify_LoginTest -->
  <testcase name="Verify_HomeLogo" time="0.004" classname="Com.crmVtigerApplication.Test.Login.Login_TestScript">
    <skipped/>
  </testcase> <!-- Verify_HomeLogo -->
</testsuite> <!-- Test1 -->
